2025-04-18 19:00:27 - utils - INFO - Processing image with SOM labeling (threshold=0.05, iou=0.7)
2025-04-18 19:00:28 - utils - INFO - Found 62 filtered boxes (starting_idx=33)
2025-04-18 19:00:28 - utils - INFO - Using ../../weights/icon_caption_florence model for captioning
2025-04-18 19:00:28 - utils - INFO - Processing 29 regions in 1 batches
2025-04-18 19:00:29 - utils - INFO - All captions generated in 1.02s
2025-04-18 19:00:29 - utils - INFO - Caption processing completed in 1.02s
2025-04-18 19:00:29 - utils - INFO - SOM labeling completed in 2.17s
2025-04-18 19:00:45 - utils - INFO - Processing image with SOM labeling (threshold=0.05, iou=0.7)
2025-04-18 19:00:45 - utils - INFO - Found 58 filtered boxes (starting_idx=31)
2025-04-18 19:00:45 - utils - INFO - Using ../../weights/icon_caption_florence model for captioning
2025-04-18 19:00:45 - utils - INFO - Processing 27 regions in 1 batches
2025-04-18 19:00:47 - utils - INFO - All captions generated in 1.91s
2025-04-18 19:00:47 - utils - INFO - Caption processing completed in 1.91s
2025-04-18 19:00:47 - utils - INFO - SOM labeling completed in 2.84s
2025-04-18 19:01:08 - utils - INFO - Processing image with SOM labeling (threshold=0.05, iou=0.7)
2025-04-18 19:01:09 - utils - INFO - Found 130 filtered boxes (starting_idx=87)
2025-04-18 19:01:09 - utils - INFO - Using ../../weights/icon_caption_florence model for captioning
2025-04-18 19:01:09 - utils - INFO - Processing 43 regions in 1 batches
2025-04-18 19:01:10 - utils - INFO - All captions generated in 1.24s
2025-04-18 19:01:10 - utils - INFO - Caption processing completed in 1.24s
2025-04-18 19:01:10 - utils - INFO - SOM labeling completed in 2.18s
2025-04-18 19:01:32 - utils - INFO - Processing image with SOM labeling (threshold=0.05, iou=0.7)
2025-04-18 19:01:33 - utils - INFO - Found 127 filtered boxes (starting_idx=86)
2025-04-18 19:01:33 - utils - INFO - Using ../../weights/icon_caption_florence model for captioning
2025-04-18 19:01:33 - utils - INFO - Processing 41 regions in 1 batches
2025-04-18 19:01:34 - utils - INFO - All captions generated in 0.93s
2025-04-18 19:01:34 - utils - INFO - Caption processing completed in 0.93s
2025-04-18 19:01:34 - utils - INFO - SOM labeling completed in 1.73s
2025-04-18 19:01:54 - utils - INFO - Processing image with SOM labeling (threshold=0.05, iou=0.7)
2025-04-18 19:01:55 - utils - INFO - Found 141 filtered boxes (starting_idx=97)
2025-04-18 19:01:55 - utils - INFO - Using ../../weights/icon_caption_florence model for captioning
2025-04-18 19:01:55 - utils - INFO - Processing 44 regions in 1 batches
2025-04-18 19:01:56 - utils - INFO - All captions generated in 1.08s
2025-04-18 19:01:56 - utils - INFO - Caption processing completed in 1.08s
2025-04-18 19:01:56 - utils - INFO - SOM labeling completed in 1.83s
2025-04-18 19:02:14 - utils - INFO - Processing image with SOM labeling (threshold=0.05, iou=0.7)
2025-04-18 19:02:14 - utils - INFO - Found 127 filtered boxes (starting_idx=86)
2025-04-18 19:02:14 - utils - INFO - Using ../../weights/icon_caption_florence model for captioning
2025-04-18 19:02:14 - utils - INFO - Processing 41 regions in 1 batches
2025-04-18 19:02:15 - utils - INFO - All captions generated in 0.82s
2025-04-18 19:02:15 - utils - INFO - Caption processing completed in 0.82s
2025-04-18 19:02:15 - utils - INFO - SOM labeling completed in 1.67s
2025-04-18 19:02:57 - utils - INFO - Processing image with SOM labeling (threshold=0.05, iou=0.7)
2025-04-18 19:02:58 - utils - INFO - Found 126 filtered boxes (starting_idx=85)
2025-04-18 19:02:58 - utils - INFO - Using ../../weights/icon_caption_florence model for captioning
2025-04-18 19:02:58 - utils - INFO - Processing 41 regions in 1 batches
2025-04-18 19:02:59 - utils - INFO - All captions generated in 1.14s
2025-04-18 19:02:59 - utils - INFO - Caption processing completed in 1.14s
2025-04-18 19:03:00 - utils - INFO - SOM labeling completed in 2.10s
2025-04-18 19:03:14 - utils - INFO - Processing image with SOM labeling (threshold=0.05, iou=0.7)
2025-04-18 19:03:14 - utils - INFO - Found 115 filtered boxes (starting_idx=78)
2025-04-18 19:03:14 - utils - INFO - Using ../../weights/icon_caption_florence model for captioning
2025-04-18 19:03:14 - utils - INFO - Processing 37 regions in 1 batches
2025-04-18 19:03:16 - utils - INFO - All captions generated in 1.47s
2025-04-18 19:03:16 - utils - INFO - Caption processing completed in 1.47s
2025-04-18 19:03:16 - utils - INFO - SOM labeling completed in 2.14s
2025-04-18 19:03:27 - utils - INFO - Processing image with SOM labeling (threshold=0.05, iou=0.7)
2025-04-18 19:03:28 - utils - INFO - Found 73 filtered boxes (starting_idx=21)
2025-04-18 19:03:28 - utils - INFO - Using ../../weights/icon_caption_florence model for captioning
2025-04-18 19:03:28 - utils - INFO - Processing 52 regions in 1 batches
2025-04-18 19:03:30 - utils - INFO - All captions generated in 2.59s
2025-04-18 19:03:30 - utils - INFO - Caption processing completed in 2.60s
2025-04-18 19:03:30 - utils - INFO - SOM labeling completed in 3.79s
2025-04-18 19:03:44 - utils - INFO - Processing image with SOM labeling (threshold=0.05, iou=0.7)
2025-04-18 19:03:45 - utils - INFO - Found 151 filtered boxes (starting_idx=96)
2025-04-18 19:03:45 - utils - INFO - Using ../../weights/icon_caption_florence model for captioning
2025-04-18 19:03:45 - utils - INFO - Processing 55 regions in 1 batches
2025-04-18 19:03:47 - utils - INFO - All captions generated in 1.70s
2025-04-18 19:03:47 - utils - INFO - Caption processing completed in 1.70s
2025-04-18 19:03:47 - utils - INFO - SOM labeling completed in 2.81s
